<?xml version="1.0" encoding="UTF-8"?>
<!-- Generated by org.testng.reporters.JUnitXMLReporter -->
<testsuite ignored="0" hostname="INFNCWLX13177" failures="1" tests="1" name="Admin Console for User" time="116.893" errors="0" timestamp="11 Feb 2019 13:44:53 GMT">
  <testcase classname="pv.selenium.adminConsole.ProductSectionInsert" name="productSectionInsert" time="113.982">
    <failure type="java.lang.AssertionError" message="FAIL">
      <![CDATA[java.lang.AssertionError: FAIL
at pv.selenium.hybrid.keywords.Keywords.executeKeywords(Keywords.java:136)
at pv.selenium.adminConsole.ProductSectionInsert.productSectionInsert(ProductSectionInsert.java:38)
... Removed 27 stack frames]]>
    </failure>
  </testcase> <!-- productSectionInsert -->
</testsuite> <!-- Admin Console for User -->
