<?xml version="1.0" encoding="UTF-8"?>
<testng-results skipped="0" failed="1" ignored="0" total="1" passed="0">
  <reporter-output>
  </reporter-output>
  <suite name="Default suite" duration-ms="116062" started-at="2019-03-27T07:16:33Z" finished-at="2019-03-27T07:18:29Z">
    <groups>
    </groups>
    <test name="Default test" duration-ms="116062" started-at="2019-03-27T07:16:33Z" finished-at="2019-03-27T07:18:29Z">
      <class name="pv.selenium.medDRABrowser.medDRALaunch">
        <test-method status="PASS" signature="init()[pri:0, instance:pv.selenium.medDRABrowser.medDRALaunch@1060b431]" name="init" is-config="true" duration-ms="2874" started-at="2019-03-27T07:16:33Z" finished-at="2019-03-27T07:16:36Z">
          <reporter-output>
          </reporter-output>
        </test-method> <!-- init -->
        <test-method status="FAIL" signature="copyReportMethod(java.util.Hashtable)[pri:0, instance:pv.selenium.medDRABrowser.medDRALaunch@1060b431]" name="copyReportMethod" duration-ms="113028" started-at="2019-03-27T07:16:36Z" data-provider="getData" finished-at="2019-03-27T07:18:29Z">
          <params>
            <param index="0">
              <value>
                <![CDATA[{Setup=Setup, SearchTerm=card, Username=saranga.baruah@spde29.dev, Runmode=Y, ALL=ALL, HLGT=HLGT, LLT=SOC, PT=PT, Lang_JA=JA, HLT=HLT, Password=Sapient123, V_21.1=21.1, SOC=SOC, V_21.0=21.0, Lang_EN=EN, Browser=Chrome, ModuleName=MedDRA Launch Component}]]>
              </value>
            </param>
          </params>
          <exception class="java.lang.AssertionError">
            <message>
              <![CDATA[FAIL]]>
            </message>
            <full-stacktrace>
              <![CDATA[java.lang.AssertionError: FAIL
at org.testng.Assert.fail(Assert.java:96)
at pv.selenium.hybrid.keywords.Keywords.executeKeywords(Keywords.java:139)
at pv.selenium.medDRABrowser.medDRALaunch.copyReportMethod(medDRALaunch.java:37)
at sun.reflect.NativeMethodAccessorImpl.invoke0(Native Method)
at sun.reflect.NativeMethodAccessorImpl.invoke(Unknown Source)
at sun.reflect.DelegatingMethodAccessorImpl.invoke(Unknown Source)
at java.lang.reflect.Method.invoke(Unknown Source)
at org.testng.internal.MethodInvocationHelper.invokeMethod(MethodInvocationHelper.java:124)
at org.testng.internal.Invoker.invokeMethod(Invoker.java:583)
at org.testng.internal.Invoker.invokeTestMethod(Invoker.java:719)
at org.testng.internal.Invoker.invokeTestMethods(Invoker.java:989)
at org.testng.internal.TestMethodWorker.invokeTestMethods(TestMethodWorker.java:125)
at org.testng.internal.TestMethodWorker.run(TestMethodWorker.java:109)
at org.testng.TestRunner.privateRun(TestRunner.java:648)
at org.testng.TestRunner.run(TestRunner.java:505)
at org.testng.SuiteRunner.runTest(SuiteRunner.java:455)
at org.testng.SuiteRunner.runSequentially(SuiteRunner.java:450)
at org.testng.SuiteRunner.privateRun(SuiteRunner.java:415)
at org.testng.SuiteRunner.run(SuiteRunner.java:364)
at org.testng.SuiteRunnerWorker.runSuite(SuiteRunnerWorker.java:52)
at org.testng.SuiteRunnerWorker.run(SuiteRunnerWorker.java:84)
at org.testng.TestNG.runSuitesSequentially(TestNG.java:1208)
at org.testng.TestNG.runSuitesLocally(TestNG.java:1137)
at org.testng.TestNG.runSuites(TestNG.java:1049)
at org.testng.TestNG.run(TestNG.java:1017)
at org.testng.remote.AbstractRemoteTestNG.run(AbstractRemoteTestNG.java:115)
at org.testng.remote.RemoteTestNG.initAndRun(RemoteTestNG.java:251)
at org.testng.remote.RemoteTestNG.main(RemoteTestNG.java:77)
]]>
            </full-stacktrace>
          </exception> <!-- java.lang.AssertionError -->
          <reporter-output>
          </reporter-output>
        </test-method> <!-- copyReportMethod -->
      </class> <!-- pv.selenium.medDRABrowser.medDRALaunch -->
    </test> <!-- Default test -->
  </suite> <!-- Default suite -->
</testng-results>
