<?xml version="1.0" encoding="UTF-8"?>
<!-- Generated by org.testng.reporters.JUnitXMLReporter -->
<testsuite ignored="0" hostname="INFNCWLX13177" failures="1" tests="1" name="case Search7" time="0.418" errors="0" timestamp="06 Feb 2019 14:44:14 GMT">
  <testcase classname="pv.selenium.caseSearch.BaseTest" name="@AfterMethod quit" time="0.18">
    <failure type="java.lang.NullPointerException">
      <![CDATA[java.lang.NullPointerException
at pv.selenium.hybrid.keywords.GenericKeywords.closeBrowser(GenericKeywords.java:459)
at pv.selenium.caseSearch.BaseTest.quit(BaseTest.java:29)
... Removed 29 stack frames]]>
    </failure>
  </testcase> <!-- @AfterMethod quit -->
  <testcase classname="pv.selenium.caseSearch.caseSearchCriteria7" name="copyReportMethod" time="0.028">
    <failure type="java.lang.NullPointerException">
      <![CDATA[java.lang.NullPointerException
at pv.selenium.hybrid.keywords.GenericKeywords.openBrowser(GenericKeywords.java:90)
at pv.selenium.hybrid.keywords.Keywords.executeKeywords(Keywords.java:58)
at pv.selenium.caseSearch.caseSearchCriteria7.copyReportMethod(caseSearchCriteria7.java:37)
... Removed 26 stack frames]]>
    </failure>
  </testcase> <!-- copyReportMethod -->
</testsuite> <!-- case Search7 -->
