<?xml version="1.0" encoding="UTF-8"?>
<!-- Generated by org.testng.reporters.JUnitXMLReporter -->
<testsuite hostname="WKWIN0179502" ignored="0" name="ELEM2836" tests="7" failures="2" timestamp="08 Apr 2019 09:20:31 GMT" time="943.567" errors="0">
  <testcase name="copyReportMethod" time="76.868" classname="pv.selenium.medDRASearch_2208.ELEM2836"/>
  <testcase name="copyReportMethod" time="77.273" classname="pv.selenium.medDRASearch_2208.ELEM2838"/>
  <testcase name="copyReportMethod" time="100.555" classname="pv.selenium.medDRASearch_2208.ELEM2839">
    <failure type="java.lang.AssertionError" message="FAIL">
      <![CDATA[java.lang.AssertionError: FAIL
at pv.selenium.hybrid.keywords.Keywords.executeKeywords(Keywords.java:147)
at pv.selenium.medDRASearch_2208.ELEM2839.copyReportMethod(ELEM2839.java:52)
... Removed 27 stack frames]]>
    </failure>
  </testcase> <!-- copyReportMethod -->
  <testcase name="copyReportMethod" time="88.225" classname="pv.selenium.medDRASearch_2208.ELEM2841"/>
  <testcase name="copyReportMethod" time="82.37" classname="pv.selenium.medDRASearch_2208.ELEM2842">
    <failure type="java.lang.AssertionError" message="FAIL -- Failure in Element Extraction - service_xpath">
      <![CDATA[java.lang.AssertionError: FAIL -- Failure in Element Extraction - service_xpath
at pv.selenium.hybrid.keywords.GenericKeywords.getElement(GenericKeywords.java:747)
at pv.selenium.hybrid.keywords.GenericKeywords.jsclick(GenericKeywords.java:223)
at pv.selenium.hybrid.keywords.Keywords.executeKeywords(Keywords.java:118)
at pv.selenium.medDRASearch_2208.ELEM2842.copyReportMethod(ELEM2842.java:40)
... Removed 27 stack frames]]>
    </failure>
  </testcase> <!-- copyReportMethod -->
  <testcase name="copyReportMethod" time="94.112" classname="pv.selenium.medDRASearch_2208.ELEM2843"/>
  <testcase name="copyReportMethod" time="423.034" classname="pv.selenium.medDRASearch_2208.ELEM2844"/>
</testsuite> <!-- ELEM2836 -->
